<?xml version="1.0" encoding="UTF-8"?>
<!-- Generated by org.testng.reporters.JUnitReportReporter -->
<testsuite hostname="Unpredictable" failures="0" tests="2" name="SeleniumDemo1.SeleniumExample1" time="19.325" errors="0" timestamp="2024-04-02T15:36:47 IST" skipped="0">
  <testcase classname="SeleniumDemo1.SeleniumExample1" name="OrangeTest" time="13.022"/>
  <testcase classname="SeleniumDemo1.SeleniumExample1" name="LoginTest" time="6.303"/>
</testsuite> <!-- SeleniumDemo1.SeleniumExample1 -->
